Wed May 23 23:57:54 2018:Google Speech Recognition could not understand audio
Wed May 23 23:58:00 2018:Google Speech Recognition could not understand audio
Wed May 23 23:58:12 2018:Google Speech Recognition could not understand audio
Thu May 24 00:05:32 2018:Google Speech Recognition could not understand audio
Thu May 24 00:06:13 2018:Google Speech Recognition could not understand audio
Sun May 27 15:31:10 2018:Google Speech Recognition could not understand audio
Sun May 27 15:31:23 2018:Google Speech Recognition could not understand audio
Sun May 27 15:31:37 2018:Google Speech Recognition could not understand audio
Sun May 27 15:31:45 2018:Google Speech Recognition could not understand audio
Sun May 27 15:31:54 2018:Google Speech Recognition could not understand audio
Sun May 27 15:58:06 2018:Google Speech Recognition could not understand audio
Sun May 27 16:04:17 2018:Google Speech Recognition could not understand audio
Sun May 27 16:10:32 2018:Google Speech Recognition could not understand audio
Sun May 27 16:10:44 2018:Google Speech Recognition could not understand audio
Sun May 27 16:10:51 2018:Google Speech Recognition could not understand audio
Sun May 27 16:11:01 2018:Google Speech Recognition could not understand audio
Sun May 27 16:11:10 2018:Google Speech Recognition could not understand audio
Sun May 27 16:11:15 2018:Google Speech Recognition could not understand audio
Sun May 27 16:11:40 2018:Google Speech Recognition could not understand audio
Sun May 27 16:11:48 2018:Google Speech Recognition could not understand audio
Sun May 27 16:26:54 2018:Google Speech Recognition could not understand audio
Sun May 27 16:27:00 2018:Google Speech Recognition could not understand audio
Sun May 27 16:37:08 2018:Google Speech Recognition could not understand audio
Sun May 27 16:44:59 2018:Google Speech Recognition could not understand audio
Sun May 27 16:54:55 2018:Google Speech Recognition could not understand audio
Sun May 27 16:55:27 2018:Google Speech Recognition could not understand audio
Sun May 27 16:55:32 2018:Google Speech Recognition could not understand audio
Sun May 27 16:55:36 2018:Google Speech Recognition could not understand audio
Sun May 27 16:55:40 2018:Google Speech Recognition could not understand audio
Sun May 27 16:56:29 2018:Google Speech Recognition could not understand audio
Sun May 27 16:57:27 2018:Google Speech Recognition could not understand audio
Sun May 27 16:57:43 2018:Google Speech Recognition could not understand audio
Sun May 27 16:58:39 2018:Google Speech Recognition could not understand audio
Sun May 27 16:59:40 2018:Google Speech Recognition could not understand audio
Sun May 27 16:59:45 2018:Google Speech Recognition could not understand audio
Sun May 27 16:59:49 2018:Google Speech Recognition could not understand audio
Sun May 27 17:00:32 2018:Google Speech Recognition could not understand audio
Sun May 27 17:00:38 2018:Google Speech Recognition could not understand audio
Sun May 27 17:00:42 2018:Google Speech Recognition could not understand audio
Sun May 27 17:00:48 2018:Google Speech Recognition could not understand audio
Sun May 27 17:00:52 2018:Google Speech Recognition could not understand audio
Sun May 27 17:01:40 2018:Google Speech Recognition could not understand audio
Sun May 27 17:01:45 2018:Google Speech Recognition could not understand audio
Sun May 27 17:01:52 2018:Google Speech Recognition could not understand audio
Sun May 27 17:06:35 2018:Google Speech Recognition could not understand audio
Sun May 27 17:06:39 2018:Google Speech Recognition could not understand audio
Tue May 29 16:11:05 2018:Google Speech Recognition could not understand audio
Tue May 29 16:11:10 2018:Google Speech Recognition could not understand audio
Tue May 29 16:11:53 2018:Google Speech Recognition could not understand audio
Tue May 29 16:25:54 2018:Google Speech Recognition could not understand audio
Tue May 29 16:26:00 2018:Google Speech Recognition could not understand audio
Tue May 29 16:26:08 2018:Google Speech Recognition could not understand audio
Tue May 29 16:26:11 2018:Google Speech Recognition could not understand audio
Tue May 29 16:34:25 2018:Google Speech Recognition could not understand audio
Tue May 29 16:43:33 2018:Google Speech Recognition could not understand audio
Tue May 29 16:43:40 2018:Google Speech Recognition could not understand audio
Tue May 29 16:43:45 2018:Google Speech Recognition could not understand audio
Tue May 29 17:04:30 2018:Google Speech Recognition could not understand audio
Tue May 29 17:05:27 2018:Google Speech Recognition could not understand audio
Tue May 29 17:13:11 2018:Google Speech Recognition could not understand audio
Wed May 30 10:23:21 2018:Google Speech Recognition could not understand audio
Wed May 30 10:23:26 2018:Google Speech Recognition could not understand audio
Wed May 30 10:24:39 2018:Google Speech Recognition could not understand audio
Wed May 30 10:24:46 2018:Google Speech Recognition could not understand audio
Wed May 30 10:33:07 2018:Google Speech Recognition could not understand audio
Sun Jun  3 21:15:05 2018:Google Speech Recognition could not understand audio
Sun Jun  3 21:15:40 2018:Google Speech Recognition could not understand audio
Sun Jun  3 21:15:47 2018:Google Speech Recognition could not understand audio
Sun Jun  3 21:16:16 2018:Google Speech Recognition could not understand audio
Sun Jun  3 21:16:32 2018:Google Speech Recognition could not understand audio
Sun Jun  3 21:16:40 2018:Google Speech Recognition could not understand audio
Sun Jun  3 21:16:46 2018:Google Speech Recognition could not understand audio
Sun Jun  3 21:17:00 2018:Google Speech Recognition could not understand audio
Sun Jun  3 21:18:02 2018:Google Speech Recognition could not understand audio
Sun Jun  3 21:18:07 2018:Google Speech Recognition could not understand audio
Sun Jun  3 21:18:20 2018:Google Speech Recognition could not understand audio
Sun Jun  3 21:23:26 2018:Google Speech Recognition could not understand audio
Sun Jun  3 21:26:08 2018:Google Speech Recognition could not understand audio
Sun Jun  3 21:26:22 2018:Google Speech Recognition could not understand audio
Sun Jun  3 21:26:33 2018:Google Speech Recognition could not understand audio
Sun Jun  3 21:26:40 2018:Google Speech Recognition could not understand audio
Sun Jun  3 21:53:52 2018:Google Speech Recognition could not understand audio
Sun Jun  3 21:53:55 2018:Google Speech Recognition could not understand audio
Sun Jun  3 21:54:10 2018:Google Speech Recognition could not understand audio
Sun Jun  3 21:54:15 2018:Google Speech Recognition could not understand audio
Sun Jun  3 21:54:22 2018:Google Speech Recognition could not understand audio
Sun Jun  3 21:54:26 2018:Google Speech Recognition could not understand audio
Mon Jun  4 22:01:13 2018:Google Speech Recognition could not understand audio
Mon Jun  4 22:01:19 2018:Google Speech Recognition could not understand audio
Mon Jun  4 22:02:14 2018:Google Speech Recognition could not understand audio
Mon Jun  4 22:04:14 2018:Google Speech Recognition could not understand audio
Mon Jun  4 22:04:24 2018:Google Speech Recognition could not understand audio
Mon Jun  4 22:04:31 2018:Google Speech Recognition could not understand audio
Mon Jun  4 22:04:45 2018:Google Speech Recognition could not understand audio
Mon Jun  4 22:05:03 2018:Google Speech Recognition could not understand audio
Tue Jun  5 14:35:18 2018:Google Speech Recognition could not understand audio
Tue Jun  5 14:35:28 2018:Google Speech Recognition could not understand audio
Tue Jun  5 14:35:32 2018:Google Speech Recognition could not understand audio
Tue Jun  5 20:46:22 2018:Google Speech Recognition could not understand audio
Tue Jun  5 20:49:16 2018:Google Speech Recognition could not understand audio
Tue Jun  5 20:51:19 2018:Google Speech Recognition could not understand audio
Tue Jun  5 20:55:00 2018:Google Speech Recognition could not understand audio
Tue Jun  5 20:55:50 2018:Google Speech Recognition could not understand audio
Tue Jun  5 20:58:37 2018:Google Speech Recognition could not understand audio
Tue Jun  5 20:59:08 2018:Google Speech Recognition could not understand audio
Wed Jun  6 14:30:23 2018:Google Speech Recognition could not understand audio
Wed Jun  6 14:44:36 2018:Google Speech Recognition could not understand audio
Wed Jun  6 14:45:25 2018:Google Speech Recognition could not understand audio
Wed Jun  6 14:45:31 2018:Google Speech Recognition could not understand audio
Wed Jun  6 14:45:38 2018:Google Speech Recognition could not understand audio
Wed Jun  6 14:50:27 2018:Google Speech Recognition could not understand audio
Wed Jun  6 14:50:30 2018:Google Speech Recognition could not understand audio
Wed Jun  6 14:50:43 2018:Google Speech Recognition could not understand audio
Wed Jun  6 14:50:50 2018:Google Speech Recognition could not understand audio
Wed Jun  6 14:50:56 2018:Google Speech Recognition could not understand audio
Wed Jun  6 14:51:19 2018:Google Speech Recognition could not understand audio
Wed Jun  6 15:00:08 2018:Google Speech Recognition could not understand audio
Wed Jun  6 15:00:11 2018:Google Speech Recognition could not understand audio
Wed Jun  6 15:00:42 2018:Google Speech Recognition could not understand audio
Wed Jun  6 15:00:50 2018:Google Speech Recognition could not understand audio
Thu Jun  7 12:03:40 2018:Google Speech Recognition could not understand audio
Thu Jun  7 12:03:45 2018:Google Speech Recognition could not understand audio
Thu Jun  7 12:03:49 2018:Google Speech Recognition could not understand audio
Thu Jun  7 12:05:24 2018:Google Speech Recognition could not understand audio
Thu Jun  7 12:05:28 2018:Google Speech Recognition could not understand audio
Thu Jun  7 12:05:32 2018:Google Speech Recognition could not understand audio
Thu Jun  7 12:05:36 2018:Google Speech Recognition could not understand audio
Thu Jun  7 12:05:40 2018:Google Speech Recognition could not understand audio
Thu Jun  7 12:05:48 2018:Google Speech Recognition could not understand audio
Thu Jun  7 12:05:52 2018:Google Speech Recognition could not understand audio
Thu Jun  7 12:05:57 2018:Google Speech Recognition could not understand audio
Thu Jun  7 13:09:47 2018:Google Speech Recognition could not understand audio
Thu Jun  7 13:09:52 2018:Google Speech Recognition could not understand audio
Thu Jun  7 13:09:58 2018:Google Speech Recognition could not understand audio
Thu Jun  7 13:14:16 2018:Google Speech Recognition could not understand audio
Thu Jun  7 13:14:21 2018:Google Speech Recognition could not understand audio
Thu Jun  7 13:20:21 2018:Google Speech Recognition could not understand audio
Thu Jun  7 13:23:00 2018:Google Speech Recognition could not understand audio
Thu Jun  7 13:23:05 2018:Google Speech Recognition could not understand audio
Thu Jun  7 13:23:44 2018:Google Speech Recognition could not understand audio
Thu Jun  7 13:27:12 2018:Google Speech Recognition could not understand audio
Thu Jun  7 13:27:17 2018:Google Speech Recognition could not understand audio
Thu Jun  7 13:27:44 2018:Google Speech Recognition could not understand audio
Thu Jun  7 13:29:02 2018:Google Speech Recognition could not understand audio
Thu Jun  7 13:29:45 2018:Google Speech Recognition could not understand audio
Thu Jun  7 13:29:50 2018:Google Speech Recognition could not understand audio
Thu Jun  7 13:29:58 2018:Google Speech Recognition could not understand audio
Thu Jun  7 13:37:36 2018:Google Speech Recognition could not understand audio
Thu Jun  7 13:37:46 2018:Google Speech Recognition could not understand audio
Thu Jun  7 13:37:54 2018:Google Speech Recognition could not understand audio
Thu Jun  7 13:43:51 2018:Google Speech Recognition could not understand audio
Thu Jun  7 13:43:55 2018:Google Speech Recognition could not understand audio
Thu Jun  7 13:43:59 2018:Google Speech Recognition could not understand audio
Thu Jun  7 13:44:07 2018:Google Speech Recognition could not understand audio
Thu Jun  7 13:44:33 2018:Google Speech Recognition could not understand audio
Thu Jun  7 13:47:33 2018:Google Speech Recognition could not understand audio
Thu Jun  7 13:49:12 2018:Google Speech Recognition could not understand audio
Thu Jun  7 13:49:20 2018:Google Speech Recognition could not understand audio
Thu Jun  7 13:50:02 2018:Google Speech Recognition could not understand audio
Thu Jun  7 13:50:08 2018:Google Speech Recognition could not understand audio
Thu Jun  7 13:52:22 2018:Google Speech Recognition could not understand audio
Thu Jun  7 13:52:25 2018:Google Speech Recognition could not understand audio
Thu Jun  7 13:52:38 2018:Google Speech Recognition could not understand audio
Thu Jun  7 13:52:45 2018:Google Speech Recognition could not understand audio
Thu Jun  7 13:52:56 2018:Google Speech Recognition could not understand audio
Thu Jun  7 13:53:01 2018:Google Speech Recognition could not understand audio
Thu Jun  7 13:53:30 2018:Google Speech Recognition could not understand audio
Thu Jun  7 13:53:35 2018:Google Speech Recognition could not understand audio
Thu Jun  7 13:53:40 2018:Google Speech Recognition could not understand audio
Thu Jun  7 13:53:45 2018:Google Speech Recognition could not understand audio
Thu Jun  7 13:53:54 2018:Google Speech Recognition could not understand audio
Thu Jun  7 13:56:35 2018:Google Speech Recognition could not understand audio
Thu Jun  7 20:29:34 2018:Google Speech Recognition could not understand audio
Thu Jun  7 20:29:39 2018:Google Speech Recognition could not understand audio
Thu Jun  7 23:10:35 2018:Google Speech Recognition could not understand audio
Thu Jun  7 23:10:38 2018:Google Speech Recognition could not understand audio
Thu Jun  7 23:12:50 2018:Google Speech Recognition could not understand audio
Thu Jun  7 23:13:04 2018:Google Speech Recognition could not understand audio
Thu Jun  7 23:13:11 2018:Google Speech Recognition could not understand audio
Mon Jun 11 16:34:06 2018:Google Speech Recognition could not understand audio
Mon Jun 11 16:34:31 2018:Google Speech Recognition could not understand audio
Mon Jun 11 16:34:37 2018:Google Speech Recognition could not understand audio
Mon Jun 11 17:35:26 2018:Google Speech Recognition could not understand audio
Mon Jun 11 17:35:30 2018:Google Speech Recognition could not understand audio
Mon Jun 11 17:35:58 2018:Google Speech Recognition could not understand audio
Mon Jun 11 17:36:02 2018:Google Speech Recognition could not understand audio
Mon Jun 11 17:36:15 2018:Google Speech Recognition could not understand audio
Mon Jun 11 17:36:30 2018:Google Speech Recognition could not understand audio
Mon Jun 11 17:36:35 2018:Google Speech Recognition could not understand audio
Mon Jun 11 21:46:42 2018:Google Speech Recognition could not understand audio
Mon Jun 11 21:48:32 2018:Google Speech Recognition could not understand audio
Mon Jun 11 21:49:39 2018:Google Speech Recognition could not understand audio
Mon Jun 11 21:52:35 2018:Google Speech Recognition could not understand audio
Tue Jun 12 14:01:55 2018:Google Speech Recognition could not understand audio
Tue Jun 12 14:03:00 2018:Google Speech Recognition could not understand audio
Tue Jun 12 14:03:05 2018:Google Speech Recognition could not understand audio
Tue Jun 12 14:05:46 2018:Google Speech Recognition could not understand audio
Tue Jun 12 14:05:50 2018:Google Speech Recognition could not understand audio
Tue Jun 12 15:00:45 2018:Google Speech Recognition could not understand audio
Tue Jun 12 15:00:49 2018:Google Speech Recognition could not understand audio
Tue Jun 12 15:01:56 2018:Google Speech Recognition could not understand audio
Tue Jun 12 15:02:53 2018:Google Speech Recognition could not understand audio
Tue Jun 12 15:03:39 2018:Google Speech Recognition could not understand audio
Tue Jun 12 15:03:42 2018:Google Speech Recognition could not understand audio
Tue Jun 12 15:05:03 2018:Google Speech Recognition could not understand audio
Tue Jun 12 15:05:09 2018:Google Speech Recognition could not understand audio
Tue Jun 12 18:04:53 2018:Google Speech Recognition could not understand audio
Tue Jun 12 18:05:42 2018:Google Speech Recognition could not understand audio
Tue Jun 12 20:26:05 2018:Google Speech Recognition could not understand audio
Tue Jun 12 20:28:21 2018:Google Speech Recognition could not understand audio
Tue Jun 12 20:28:29 2018:Google Speech Recognition could not understand audio
Tue Jun 12 20:29:16 2018:Google Speech Recognition could not understand audio
Tue Jun 12 20:29:19 2018:Google Speech Recognition could not understand audio
Tue Jun 12 20:29:25 2018:Google Speech Recognition could not understand audio
Tue Jun 12 20:29:31 2018:Google Speech Recognition could not understand audio
Tue Jun 12 20:30:28 2018:Google Speech Recognition could not understand audio
Wed Jun 13 16:27:20 2018:Google Speech Recognition could not understand audio
Wed Jun 13 16:29:02 2018:Google Speech Recognition could not understand audio
Wed Jun 13 16:29:17 2018:Google Speech Recognition could not understand audio
Wed Jun 13 16:29:27 2018:Google Speech Recognition could not understand audio
Wed Jun 13 16:29:32 2018:Google Speech Recognition could not understand audio
Wed Jun 13 16:29:43 2018:Google Speech Recognition could not understand audio
Wed Jun 13 16:29:47 2018:Google Speech Recognition could not understand audio
Wed Jun 13 16:29:50 2018:Google Speech Recognition could not understand audio
Wed Jun 13 16:29:58 2018:Google Speech Recognition could not understand audio
Wed Jun 13 16:30:01 2018:Google Speech Recognition could not understand audio
Wed Jun 13 16:30:35 2018:Google Speech Recognition could not understand audio
Wed Jun 13 16:31:29 2018:Google Speech Recognition could not understand audio
Wed Jun 13 16:31:33 2018:Google Speech Recognition could not understand audio
Wed Jun 13 16:31:42 2018:Google Speech Recognition could not understand audio
Wed Jun 13 16:32:11 2018:Google Speech Recognition could not understand audio
Wed Jun 13 16:32:18 2018:Google Speech Recognition could not understand audio
